<?xml version="1.0" encoding="UTF-8"?>
<!-- Generated by org.testng.reporters.JUnitXMLReporter -->
<testsuite ignored="3" hostname="DESKTOP-IVHBM7A" failures="1" tests="1" name="Default test(failed)" time="21.347" errors="0" timestamp="2025-03-29T14:25:10 IST">
  <testcase classname="api.test.UserTest" name="TestGetUser" time="20.899">
    <failure type="java.lang.AssertionError" message="expected [200] but found [404]">
      <![CDATA[java.lang.AssertionError: expected [200] but found [404]
at api.test.UserTest.TestGetUser(UserTest.java:45)
at java.base/java.util.ArrayList.forEach(ArrayList.java:1596)
... Removed 32 stack frames]]>
    </failure>
  </testcase> <!-- TestGetUser -->
  <testcase classname="api.test.UserTest" name="TestDeleteUser" time="0.0">
    <ignored/>
  </testcase> <!-- TestDeleteUser -->
  <testcase classname="api.test.UserTest" name="TestPostUser" time="0.0">
    <ignored/>
  </testcase> <!-- TestPostUser -->
  <testcase classname="api.test.UserTest" name="TestUpdateUser" time="0.0">
    <ignored/>
  </testcase> <!-- TestUpdateUser -->
</testsuite> <!-- Default test(failed) -->
