<?xml version="1.0" encoding="UTF-8"?>
<!-- Generated by org.testng.reporters.JUnitXMLReporter -->
<testsuite ignored="0" hostname="DESKTOP-IVHBM7A" failures="0" tests="4" name="Default test" time="45.919" errors="0" timestamp="2025-03-31T15:54:34 IST">
  <testcase classname="api.test.UserTest" name="TestPostUser" time="8.759"/>
  <testcase classname="api.test.UserTest" name="TestGetUser" time="6.579"/>
  <testcase classname="api.test.UserTest" name="TestUpdateUser" time="21.735"/>
  <testcase classname="api.test.UserTest" name="TestDeleteUser" time="7.956"/>
</testsuite> <!-- Default test -->
