<?xml version="1.0" encoding="UTF-8"?>
<!-- Generated by org.testng.reporters.JUnitXMLReporter -->
<testsuite ignored="0" hostname="DESKTOP-IVHBM7A" failures="0" tests="12" name="Test" time="122.59" errors="0" timestamp="2025-04-01T15:57:44 IST">
  <testcase classname="api.test.UserTest2" name="TestPostUser" time="9.153"/>
  <testcase classname="api.test.UserTest2" name="TestGetUser" time="6.454"/>
  <testcase classname="api.test.UserTest2" name="TestUpdateUser" time="18.578"/>
  <testcase classname="api.test.UserTest2" name="TestDeleteUser" time="8.984"/>
  <testcase classname="api.test.DDTests" name="testPostUser" time="2.836"/>
  <testcase classname="api.test.DDTests" name="testPostUser" time="3.472"/>
  <testcase classname="api.test.DDTests" name="testPostUser" time="3.349"/>
  <testcase classname="api.test.DDTests" name="testPostUser" time="3.494"/>
  <testcase classname="api.test.DDTests" name="DeleteUSer" time="5.742"/>
  <testcase classname="api.test.DDTests" name="DeleteUSer" time="14.409"/>
  <testcase classname="api.test.DDTests" name="DeleteUSer" time="13.619"/>
  <testcase classname="api.test.DDTests" name="DeleteUSer" time="26.818"/>
</testsuite> <!-- Test -->
