<?xml version="1.0" encoding="UTF-8"?>
<!-- Generated by org.testng.reporters.JUnitXMLReporter -->
<testsuite ignored="1" hostname="DESKTOP-IVHBM7A" failures="1" tests="1" name="Test(failed)" time="10.825" errors="0" timestamp="2025-04-01T14:09:09 IST">
  <testcase classname="api.test.DDTests" name="DeleteUSer" time="8.083">
    <failure type="java.lang.AssertionError" message="expected [200] but found [404]">
      <![CDATA[java.lang.AssertionError: expected [200] but found [404]
at api.test.DDTests.DeleteUSer(DDTests.java:35)
at java.base/java.util.ArrayList.forEach(ArrayList.java:1596)
... Removed 32 stack frames]]>
    </failure>
  </testcase> <!-- DeleteUSer -->
  <testcase classname="api.test.DDTests" name="testPostUser" time="0.0">
    <ignored/>
  </testcase> <!-- testPostUser -->
</testsuite> <!-- Test(failed) -->
