<?xml version="1.0" encoding="UTF-8"?>
<testng-results ignored="0" total="4" passed="4" failed="0" skipped="0">
  <reporter-output>
  </reporter-output>
  <suite started-at="2025-04-03T18:20:15 IST" name="Suite" finished-at="2025-04-03T18:21:08 IST" duration-ms="52567">
    <groups>
    </groups>
    <test started-at="2025-04-03T18:20:15 IST" name="Test" finished-at="2025-04-03T18:21:08 IST" duration-ms="52567">
      <class name="api.test.UserTest2">
        <test-method is-config="true" signature="SetUpData()[pri:0, instance:api.test.UserTest2@687e99d8]" started-at="2025-04-03T18:20:17 IST" name="SetUpData" finished-at="2025-04-03T18:20:17 IST" duration-ms="482" status="PASS">
          <reporter-output>
          </reporter-output>
        </test-method> <!-- SetUpData -->
        <test-method signature="TestPostUser()[pri:1, instance:api.test.UserTest2@687e99d8]" started-at="2025-04-03T18:20:17 IST" name="TestPostUser" finished-at="2025-04-03T18:20:30 IST" duration-ms="12811" status="PASS">
          <reporter-output>
          </reporter-output>
        </test-method> <!-- TestPostUser -->
        <test-method signature="TestGetUser()[pri:2, instance:api.test.UserTest2@687e99d8]" started-at="2025-04-03T18:20:30 IST" name="TestGetUser" finished-at="2025-04-03T18:20:48 IST" duration-ms="17726" status="PASS">
          <reporter-output>
          </reporter-output>
        </test-method> <!-- TestGetUser -->
        <test-method signature="TestUpdateUser()[pri:3, instance:api.test.UserTest2@687e99d8]" started-at="2025-04-03T18:20:48 IST" name="TestUpdateUser" finished-at="2025-04-03T18:21:03 IST" duration-ms="14905" status="PASS">
          <reporter-output>
          </reporter-output>
        </test-method> <!-- TestUpdateUser -->
        <test-method signature="TestDeleteUser()[pri:4, instance:api.test.UserTest2@687e99d8]" started-at="2025-04-03T18:21:03 IST" name="TestDeleteUser" finished-at="2025-04-03T18:21:08 IST" duration-ms="5238" status="PASS">
          <reporter-output>
          </reporter-output>
        </test-method> <!-- TestDeleteUser -->
      </class> <!-- api.test.UserTest2 -->
    </test> <!-- Test -->
  </suite> <!-- Suite -->
</testng-results>
