<?xml version="1.0" encoding="UTF-8"?>
<testng-results ignored="0" total="12" passed="11" failed="1" skipped="0">
  <reporter-output>
  </reporter-output>
  <suite started-at="2025-04-02T15:06:43 IST" name="Suite" finished-at="2025-04-02T15:10:51 IST" duration-ms="247950">
    <groups>
    </groups>
    <test started-at="2025-04-02T15:06:43 IST" name="Test" finished-at="2025-04-02T15:10:51 IST" duration-ms="247950">
      <class name="api.test.UserTest2">
        <test-method is-config="true" signature="SetUpData()[pri:0, instance:api.test.UserTest2@17a7f733]" started-at="2025-04-02T15:06:44 IST" name="SetUpData" finished-at="2025-04-02T15:06:44 IST" duration-ms="438" status="PASS">
          <reporter-output>
          </reporter-output>
        </test-method> <!-- SetUpData -->
        <test-method signature="TestPostUser()[pri:1, instance:api.test.UserTest2@17a7f733]" started-at="2025-04-02T15:06:44 IST" name="TestPostUser" finished-at="2025-04-02T15:06:59 IST" duration-ms="14385" status="PASS">
          <reporter-output>
          </reporter-output>
        </test-method> <!-- TestPostUser -->
        <test-method signature="TestGetUser()[pri:2, instance:api.test.UserTest2@17a7f733]" started-at="2025-04-02T15:06:59 IST" name="TestGetUser" finished-at="2025-04-02T15:07:11 IST" duration-ms="12484" status="PASS">
          <reporter-output>
          </reporter-output>
        </test-method> <!-- TestGetUser -->
        <test-method signature="TestUpdateUser()[pri:3, instance:api.test.UserTest2@17a7f733]" started-at="2025-04-02T15:07:11 IST" name="TestUpdateUser" finished-at="2025-04-02T15:07:54 IST" duration-ms="43016" status="PASS">
          <reporter-output>
          </reporter-output>
        </test-method> <!-- TestUpdateUser -->
        <test-method signature="TestDeleteUser()[pri:4, instance:api.test.UserTest2@17a7f733]" started-at="2025-04-02T15:07:54 IST" name="TestDeleteUser" finished-at="2025-04-02T15:08:01 IST" duration-ms="7121" status="PASS">
          <reporter-output>
          </reporter-output>
        </test-method> <!-- TestDeleteUser -->
      </class> <!-- api.test.UserTest2 -->
      <class name="api.test.DDTests">
        <test-method signature="testPostUser(java.lang.String,java.lang.String,java.lang.String,java.lang.String,java.lang.String,java.lang.String,java.lang.String)[pri:1, instance:api.test.DDTests@7c1e2a9e]" started-at="2025-04-02T15:08:07 IST" name="testPostUser" data-provider="Data" finished-at="2025-04-02T15:08:20 IST" duration-ms="13114" status="PASS">
          <params>
            <param index="0">
              <value>
                <![CDATA[1010]]>
              </value>
            </param>
            <param index="1">
              <value>
                <![CDATA[testUser1]]>
              </value>
            </param>
            <param index="2">
              <value>
                <![CDATA[lalu]]>
              </value>
            </param>
            <param index="3">
              <value>
                <![CDATA[kapad]]>
              </value>
            </param>
            <param index="4">
              <value>
                <![CDATA[a@gmail.com]]>
              </value>
            </param>
            <param index="5">
              <value>
                <![CDATA[test@1]]>
              </value>
            </param>
            <param index="6">
              <value>
                <![CDATA[1234567890]]>
              </value>
            </param>
          </params>
          <reporter-output>
          </reporter-output>
        </test-method> <!-- testPostUser -->
        <test-method signature="testPostUser(java.lang.String,java.lang.String,java.lang.String,java.lang.String,java.lang.String,java.lang.String,java.lang.String)[pri:1, instance:api.test.DDTests@7c1e2a9e]" started-at="2025-04-02T15:08:20 IST" name="testPostUser" data-provider="Data" finished-at="2025-04-02T15:08:29 IST" duration-ms="8874" status="PASS">
          <params>
            <param index="0">
              <value>
                <![CDATA[1020]]>
              </value>
            </param>
            <param index="1">
              <value>
                <![CDATA[testUser2]]>
              </value>
            </param>
            <param index="2">
              <value>
                <![CDATA[manoj]]>
              </value>
            </param>
            <param index="3">
              <value>
                <![CDATA[sapad]]>
              </value>
            </param>
            <param index="4">
              <value>
                <![CDATA[b@gmail.com]]>
              </value>
            </param>
            <param index="5">
              <value>
                <![CDATA[test@2]]>
              </value>
            </param>
            <param index="6">
              <value>
                <![CDATA[1234567890]]>
              </value>
            </param>
          </params>
          <reporter-output>
          </reporter-output>
        </test-method> <!-- testPostUser -->
        <test-method signature="testPostUser(java.lang.String,java.lang.String,java.lang.String,java.lang.String,java.lang.String,java.lang.String,java.lang.String)[pri:1, instance:api.test.DDTests@7c1e2a9e]" started-at="2025-04-02T15:08:29 IST" name="testPostUser" data-provider="Data" finished-at="2025-04-02T15:08:37 IST" duration-ms="8088" status="PASS">
          <params>
            <param index="0">
              <value>
                <![CDATA[1030]]>
              </value>
            </param>
            <param index="1">
              <value>
                <![CDATA[testUser3]]>
              </value>
            </param>
            <param index="2">
              <value>
                <![CDATA[lamda]]>
              </value>
            </param>
            <param index="3">
              <value>
                <![CDATA[lapad]]>
              </value>
            </param>
            <param index="4">
              <value>
                <![CDATA[c@gmail.com]]>
              </value>
            </param>
            <param index="5">
              <value>
                <![CDATA[test@3]]>
              </value>
            </param>
            <param index="6">
              <value>
                <![CDATA[1234567890]]>
              </value>
            </param>
          </params>
          <reporter-output>
          </reporter-output>
        </test-method> <!-- testPostUser -->
        <test-method signature="testPostUser(java.lang.String,java.lang.String,java.lang.String,java.lang.String,java.lang.String,java.lang.String,java.lang.String)[pri:1, instance:api.test.DDTests@7c1e2a9e]" started-at="2025-04-02T15:08:37 IST" name="testPostUser" data-provider="Data" finished-at="2025-04-02T15:08:46 IST" duration-ms="9090" status="PASS">
          <params>
            <param index="0">
              <value>
                <![CDATA[1031]]>
              </value>
            </param>
            <param index="1">
              <value>
                <![CDATA[testUser4]]>
              </value>
            </param>
            <param index="2">
              <value>
                <![CDATA[anill]]>
              </value>
            </param>
            <param index="3">
              <value>
                <![CDATA[lapad]]>
              </value>
            </param>
            <param index="4">
              <value>
                <![CDATA[c@gmail.com]]>
              </value>
            </param>
            <param index="5">
              <value>
                <![CDATA[test@4]]>
              </value>
            </param>
            <param index="6">
              <value>
                <![CDATA[1234567891]]>
              </value>
            </param>
          </params>
          <reporter-output>
          </reporter-output>
        </test-method> <!-- testPostUser -->
        <test-method signature="DeleteUSer(java.lang.String)[pri:2, instance:api.test.DDTests@7c1e2a9e]" started-at="2025-04-02T15:08:48 IST" name="DeleteUSer" data-provider="UserNames" finished-at="2025-04-02T15:09:52 IST" duration-ms="64040" status="FAIL">
          <params>
            <param index="0">
              <value>
                <![CDATA[testUser1]]>
              </value>
            </param>
          </params>
          <exception class="org.awaitility.core.ConditionTimeoutException">
            <message>
              <![CDATA[api.test.DDTests$$Lambda/0x0000027c105d7268 expected the predicate to return <true> but was null within 1 minutes.]]>
            </message>
            <full-stacktrace>
              <![CDATA[org.awaitility.core.ConditionTimeoutException: api.test.DDTests$$Lambda/0x0000027c105d7268 expected the predicate to return <true> but was null within 1 minutes.
at org.awaitility.core.ConditionAwaiter.await(ConditionAwaiter.java:167)
at org.awaitility.core.AbstractHamcrestCondition.await(AbstractHamcrestCondition.java:86)
at org.awaitility.core.ConditionFactory.until(ConditionFactory.java:985)
at org.awaitility.core.ConditionFactory.until(ConditionFactory.java:691)
at org.awaitility.core.ConditionFactory.until(ConditionFactory.java:708)
at api.utilities.ApiUtils.retryApiCall(ApiUtils.java:16)
at api.test.DDTests.DeleteUSer(DDTests.java:39)
at java.base/jdk.internal.reflect.DirectMethodHandleAccessor.invoke(DirectMethodHandleAccessor.java:103)
at java.base/java.lang.reflect.Method.invoke(Method.java:580)
at org.testng.internal.invokers.MethodInvocationHelper.invokeMethod(MethodInvocationHelper.java:141)
at org.testng.internal.invokers.TestInvoker.invokeMethod(TestInvoker.java:686)
at org.testng.internal.invokers.TestInvoker.invokeTestMethod(TestInvoker.java:230)
at org.testng.internal.invokers.MethodRunner.runInSequence(MethodRunner.java:63)
at org.testng.internal.invokers.TestInvoker$MethodInvocationAgent.invoke(TestInvoker.java:992)
at org.testng.internal.invokers.TestInvoker.invokeTestMethods(TestInvoker.java:203)
at org.testng.internal.invokers.TestMethodWorker.invokeTestMethods(TestMethodWorker.java:154)
at org.testng.internal.invokers.TestMethodWorker.run(TestMethodWorker.java:134)
at java.base/java.util.ArrayList.forEach(ArrayList.java:1597)
at org.testng.TestRunner.privateRun(TestRunner.java:739)
at org.testng.TestRunner.run(TestRunner.java:614)
at org.testng.SuiteRunner.runTest(SuiteRunner.java:421)
at org.testng.SuiteRunner.runSequentially(SuiteRunner.java:413)
at org.testng.SuiteRunner.privateRun(SuiteRunner.java:373)
at org.testng.SuiteRunner.run(SuiteRunner.java:312)
at org.testng.SuiteRunnerWorker.runSuite(SuiteRunnerWorker.java:52)
at org.testng.SuiteRunnerWorker.run(SuiteRunnerWorker.java:95)
at org.testng.TestNG.runSuitesSequentially(TestNG.java:1274)
at org.testng.TestNG.runSuitesLocally(TestNG.java:1208)
at org.testng.TestNG.runSuites(TestNG.java:1112)
at org.testng.TestNG.run(TestNG.java:1079)
at org.apache.maven.surefire.testng.TestNGExecutor.run(TestNGExecutor.java:308)
at org.apache.maven.surefire.testng.TestNGXmlTestSuite.execute(TestNGXmlTestSuite.java:71)
at org.apache.maven.surefire.testng.TestNGProvider.invoke(TestNGProvider.java:113)
at org.apache.maven.surefire.booter.ForkedBooter.runSuitesInProcess(ForkedBooter.java:385)
at org.apache.maven.surefire.booter.ForkedBooter.execute(ForkedBooter.java:162)
at org.apache.maven.surefire.booter.ForkedBooter.run(ForkedBooter.java:507)
at org.apache.maven.surefire.booter.ForkedBooter.main(ForkedBooter.java:495)
Caused by: java.util.concurrent.TimeoutException
at java.base/java.util.concurrent.FutureTask.get(FutureTask.java:204)
at org.awaitility.core.Uninterruptibles.getUninterruptibly(Uninterruptibles.java:101)
at org.awaitility.core.Uninterruptibles.getUninterruptibly(Uninterruptibles.java:81)
at org.awaitility.core.ConditionAwaiter.await(ConditionAwaiter.java:103)
... 36 more
]]>
            </full-stacktrace>
          </exception> <!-- org.awaitility.core.ConditionTimeoutException -->
          <reporter-output>
          </reporter-output>
        </test-method> <!-- DeleteUSer -->
        <test-method signature="DeleteUSer(java.lang.String)[pri:2, instance:api.test.DDTests@7c1e2a9e]" started-at="2025-04-02T15:09:52 IST" name="DeleteUSer" data-provider="UserNames" finished-at="2025-04-02T15:10:16 IST" duration-ms="23558" status="PASS">
          <params>
            <param index="0">
              <value>
                <![CDATA[testUser2]]>
              </value>
            </param>
          </params>
          <reporter-output>
          </reporter-output>
        </test-method> <!-- DeleteUSer -->
        <test-method signature="DeleteUSer(java.lang.String)[pri:2, instance:api.test.DDTests@7c1e2a9e]" started-at="2025-04-02T15:10:16 IST" name="DeleteUSer" data-provider="UserNames" finished-at="2025-04-02T15:10:33 IST" duration-ms="17131" status="PASS">
          <params>
            <param index="0">
              <value>
                <![CDATA[testUser3]]>
              </value>
            </param>
          </params>
          <reporter-output>
          </reporter-output>
        </test-method> <!-- DeleteUSer -->
        <test-method signature="DeleteUSer(java.lang.String)[pri:2, instance:api.test.DDTests@7c1e2a9e]" started-at="2025-04-02T15:10:33 IST" name="DeleteUSer" data-provider="UserNames" finished-at="2025-04-02T15:10:51 IST" duration-ms="18017" status="PASS">
          <params>
            <param index="0">
              <value>
                <![CDATA[testUser4]]>
              </value>
            </param>
          </params>
          <reporter-output>
          </reporter-output>
        </test-method> <!-- DeleteUSer -->
      </class> <!-- api.test.DDTests -->
    </test> <!-- Test -->
  </suite> <!-- Suite -->
</testng-results>
