<?xml version="1.0" encoding="UTF-8"?>
<testsuite xmlns:xsi="http://www.w3.org/2001/XMLSchema-instance" xsi:noNamespaceSchemaLocation="https://maven.apache.org/surefire/maven-surefire-plugin/xsd/surefire-test-report-3.0.xsd" version="3.0" name="TestSuite" time="249.886" tests="12" errors="0" skipped="0" failures="1">
  <properties>
[...]
</properties>
  <testcase name="TestPostUser" classname="api.test.UserTest2" time="14.401">
    <system-out><![CDATA[2025-04-02 15:06:44,791 INFO  [main] api.test.UserTest2: -------Creating User----------
HTTP/1.1 200 OK
Date: Wed, 02 Apr 2025 09:38:22 GMT
Content-Type: application/json
Transfer-Encoding: chunked
Connection: keep-alive
Access-Control-Allow-Origin: *
Access-Control-Allow-Methods: GET, POST, DELETE, PUT
Access-Control-Allow-Headers: Content-Type, api_key, Authorization
Server: Jetty(9.2.9.v20150224)

{
    "code": 200,
    "type": "unknown",
    "message": "1346292516"
}
2025-04-02 15:06:59,161 INFO  [main] api.test.UserTest2: -------Created user----------
]]></system-out>
    <system-err><![CDATA[SLF4J: Failed to load class "org.slf4j.impl.StaticLoggerBinder".
SLF4J: Defaulting to no-operation (NOP) logger implementation
SLF4J: See http://www.slf4j.org/codes.html#StaticLoggerBinder for further details.
]]></system-err>
  </testcase>
  <testcase name="TestGetUser" classname="api.test.UserTest2" time="12.5">
    <system-out><![CDATA[2025-04-02 15:06:59,208 INFO  [main] api.test.UserTest2: -------Getting User----------
🔄 Retrying... Response Code: 200
HTTP/1.1 200 OK
Date: Wed, 02 Apr 2025 09:38:35 GMT
Content-Type: application/json
Transfer-Encoding: chunked
Connection: keep-alive
Access-Control-Allow-Origin: *
Access-Control-Allow-Methods: GET, POST, DELETE, PUT
Access-Control-Allow-Headers: Content-Type, api_key, Authorization
Server: Jetty(9.2.9.v20150224)

{
    "id": 1346292516,
    "username": "everett.doyle",
    "firstName": "Samatha",
    "lastName": "Huel",
    "email": "santina.king@example.com",
    "password": "f6utqbx",
    "phone": "(163) 899-6834",
    "userStatus": 0
}
HTTP/1.1 200 OK
Date: Wed, 02 Apr 2025 09:38:35 GMT
Content-Type: application/json
Transfer-Encoding: chunked
Connection: keep-alive
Access-Control-Allow-Origin: *
Access-Control-Allow-Methods: GET, POST, DELETE, PUT
Access-Control-Allow-Headers: Content-Type, api_key, Authorization
Server: Jetty(9.2.9.v20150224)

{
    "id": 1346292516,
    "username": "everett.doyle",
    "firstName": "Samatha",
    "lastName": "Huel",
    "email": "santina.king@example.com",
    "password": "f6utqbx",
    "phone": "(163) 899-6834",
    "userStatus": 0
}
2025-04-02 15:07:11,692 INFO  [main] api.test.UserTest2: -------viewed User----------
]]></system-out>
  </testcase>
  <testcase name="TestUpdateUser" classname="api.test.UserTest2" time="43.017">
    <system-out><![CDATA[2025-04-02 15:07:11,699 INFO  [main] api.test.UserTest2: -------Updating  User----------
🔄 Retrying... Response Code: 200
HTTP/1.1 200 OK
Date: Wed, 02 Apr 2025 09:38:44 GMT
Content-Type: application/json
Transfer-Encoding: chunked
Connection: keep-alive
Access-Control-Allow-Origin: *
Access-Control-Allow-Methods: GET, POST, DELETE, PUT
Access-Control-Allow-Headers: Content-Type, api_key, Authorization
Server: Jetty(9.2.9.v20150224)

{
    "code": 200,
    "type": "unknown",
    "message": "1346292516"
}
2025-04-02 15:07:20,104 INFO  [main] api.test.UserTest2: -------Updated  User----------
2025-04-02 15:07:20,104 INFO  [main] api.test.UserTest2: -------Getting  User----------
🔄 Retrying... Response Code: 404
HTTP/1.1 404 Not Found
Date: Wed, 02 Apr 2025 09:39:05 GMT
Content-Type: application/json
Transfer-Encoding: chunked
Connection: keep-alive
Access-Control-Allow-Origin: *
Access-Control-Allow-Methods: GET, POST, DELETE, PUT
Access-Control-Allow-Headers: Content-Type, api_key, Authorization
Server: Jetty(9.2.9.v20150224)

{
    "code": 1,
    "type": "error",
    "message": "User not found"
}
🔄 Retrying... Response Code: 200
HTTP/1.1 200 OK
Date: Wed, 02 Apr 2025 09:39:18 GMT
Content-Type: application/json
Transfer-Encoding: chunked
Connection: keep-alive
Access-Control-Allow-Origin: *
Access-Control-Allow-Methods: GET, POST, DELETE, PUT
Access-Control-Allow-Headers: Content-Type, api_key, Authorization
Server: Jetty(9.2.9.v20150224)

{
    "id": 1346292516,
    "username": "eliz.dicki",
    "firstName": "Clemente",
    "lastName": "Hoppe",
    "email": "santina.king@example.com",
    "password": "f6utqbx",
    "phone": "(163) 899-6834",
    "userStatus": 0
}
2025-04-02 15:07:54,708 INFO  [main] api.test.UserTest2: -------viwed  User----------
]]></system-out>
  </testcase>
  <testcase name="TestDeleteUser" classname="api.test.UserTest2" time="7.104">
    <system-out><![CDATA[2025-04-02 15:07:54,720 INFO  [main] api.test.UserTest2: -------Deleting   User----------
🔄 Retrying... Response Code: 200
HTTP/1.1 200 OK
Date: Wed, 02 Apr 2025 09:39:25 GMT
Content-Type: application/json
Transfer-Encoding: chunked
Connection: keep-alive
Access-Control-Allow-Origin: *
Access-Control-Allow-Methods: GET, POST, DELETE, PUT
Access-Control-Allow-Headers: Content-Type, api_key, Authorization
Server: Jetty(9.2.9.v20150224)

{
    "code": 200,
    "type": "unknown",
    "message": "eliz.dicki"
}
HTTP/1.1 200 OK
Date: Wed, 02 Apr 2025 09:39:25 GMT
Content-Type: application/json
Transfer-Encoding: chunked
Connection: keep-alive
Access-Control-Allow-Origin: *
Access-Control-Allow-Methods: GET, POST, DELETE, PUT
Access-Control-Allow-Headers: Content-Type, api_key, Authorization
Server: Jetty(9.2.9.v20150224)

{
    "code": 200,
    "type": "unknown",
    "message": "eliz.dicki"
}
2025-04-02 15:08:01,829 INFO  [main] api.test.UserTest2: -------Deleted  User----------
]]></system-out>
  </testcase>
  <testcase name="testPostUser[1010, testUser1, lalu, kapad, a@gmail.com, test@1, 1234567890](1)" classname="api.test.DDTests" time="13.287">
    <system-out><![CDATA[Test executed for User: testUser1
]]></system-out>
  </testcase>
  <testcase name="testPostUser[1020, testUser2, manoj, sapad, b@gmail.com, test@2, 1234567890](2)" classname="api.test.DDTests" time="8.749">
    <system-out><![CDATA[Test executed for User: testUser2
]]></system-out>
  </testcase>
  <testcase name="testPostUser[1030, testUser3, lamda, lapad, c@gmail.com, test@3, 1234567890](3)" classname="api.test.DDTests" time="8.129">
    <system-out><![CDATA[Test executed for User: testUser3
]]></system-out>
  </testcase>
  <testcase name="testPostUser[1031, testUser4, anill, lapad, c@gmail.com, test@4, 1234567891](4)" classname="api.test.DDTests" time="9.6">
    <system-out><![CDATA[Test executed for User: testUser4
]]></system-out>
  </testcase>
  <testcase name="DeleteUSer[testUser1](1)" classname="api.test.DDTests" time="63.991">
    <failure message="api.test.DDTests$$Lambda/0x0000027c105d7268 expected the predicate to return &lt;true&gt; but was null within 1 minutes." type="org.awaitility.core.ConditionTimeoutException"><![CDATA[org.awaitility.core.ConditionTimeoutException: api.test.DDTests$$Lambda/0x0000027c105d7268 expected the predicate to return <true> but was null within 1 minutes.
	at org.awaitility.core.ConditionAwaiter.await(ConditionAwaiter.java:167)
	at org.awaitility.core.AbstractHamcrestCondition.await(AbstractHamcrestCondition.java:86)
	at org.awaitility.core.ConditionFactory.until(ConditionFactory.java:985)
	at org.awaitility.core.ConditionFactory.until(ConditionFactory.java:691)
	at org.awaitility.core.ConditionFactory.until(ConditionFactory.java:708)
	at api.utilities.ApiUtils.retryApiCall(ApiUtils.java:16)
	at api.test.DDTests.DeleteUSer(DDTests.java:39)
	at java.base/jdk.internal.reflect.DirectMethodHandleAccessor.invoke(DirectMethodHandleAccessor.java:103)
	at java.base/java.lang.reflect.Method.invoke(Method.java:580)
	at org.testng.internal.invokers.MethodInvocationHelper.invokeMethod(MethodInvocationHelper.java:141)
	at org.testng.internal.invokers.TestInvoker.invokeMethod(TestInvoker.java:686)
	at org.testng.internal.invokers.TestInvoker.invokeTestMethod(TestInvoker.java:230)
	at org.testng.internal.invokers.MethodRunner.runInSequence(MethodRunner.java:63)
	at org.testng.internal.invokers.TestInvoker$MethodInvocationAgent.invoke(TestInvoker.java:992)
	at org.testng.internal.invokers.TestInvoker.invokeTestMethods(TestInvoker.java:203)
	at org.testng.internal.invokers.TestMethodWorker.invokeTestMethods(TestMethodWorker.java:154)
	at org.testng.internal.invokers.TestMethodWorker.run(TestMethodWorker.java:134)
	at java.base/java.util.ArrayList.forEach(ArrayList.java:1597)
	at org.testng.TestRunner.privateRun(TestRunner.java:739)
	at org.testng.TestRunner.run(TestRunner.java:614)
	at org.testng.SuiteRunner.runTest(SuiteRunner.java:421)
	at org.testng.SuiteRunner.runSequentially(SuiteRunner.java:413)
	at org.testng.SuiteRunner.privateRun(SuiteRunner.java:373)
	at org.testng.SuiteRunner.run(SuiteRunner.java:312)
	at org.testng.SuiteRunnerWorker.runSuite(SuiteRunnerWorker.java:52)
	at org.testng.SuiteRunnerWorker.run(SuiteRunnerWorker.java:95)
	at org.testng.TestNG.runSuitesSequentially(TestNG.java:1274)
	at org.testng.TestNG.runSuitesLocally(TestNG.java:1208)
	at org.testng.TestNG.runSuites(TestNG.java:1112)
	at org.testng.TestNG.run(TestNG.java:1079)
	at org.apache.maven.surefire.testng.TestNGExecutor.run(TestNGExecutor.java:308)
	at org.apache.maven.surefire.testng.TestNGXmlTestSuite.execute(TestNGXmlTestSuite.java:71)
	at org.apache.maven.surefire.testng.TestNGProvider.invoke(TestNGProvider.java:113)
	at org.apache.maven.surefire.booter.ForkedBooter.runSuitesInProcess(ForkedBooter.java:385)
	at org.apache.maven.surefire.booter.ForkedBooter.execute(ForkedBooter.java:162)
	at org.apache.maven.surefire.booter.ForkedBooter.run(ForkedBooter.java:507)
	at org.apache.maven.surefire.booter.ForkedBooter.main(ForkedBooter.java:495)
Caused by: java.util.concurrent.TimeoutException
	at java.base/java.util.concurrent.FutureTask.get(FutureTask.java:204)
	at org.awaitility.core.Uninterruptibles.getUninterruptibly(Uninterruptibles.java:101)
	at org.awaitility.core.Uninterruptibles.getUninterruptibly(Uninterruptibles.java:81)
	at org.awaitility.core.ConditionAwaiter.await(ConditionAwaiter.java:103)
	... 36 more
]]></failure>
  </testcase>
  <testcase name="DeleteUSer[testUser2](2)" classname="api.test.DDTests" time="23.562">
    <system-out><![CDATA[🔄 Retrying... Response Code: 404
HTTP/1.1 404 Not Found
Date: Wed, 02 Apr 2025 09:41:26 GMT
Content-Length: 0
Connection: keep-alive
Access-Control-Allow-Origin: *
Access-Control-Allow-Methods: GET, POST, DELETE, PUT
Access-Control-Allow-Headers: Content-Type, api_key, Authorization
Server: Jetty(9.2.9.v20150224)
🔄 Retrying... Response Code: 404
HTTP/1.1 404 Not Found
Date: Wed, 02 Apr 2025 09:41:33 GMT
Content-Length: 0
Connection: keep-alive
Access-Control-Allow-Origin: *
Access-Control-Allow-Methods: GET, POST, DELETE, PUT
Access-Control-Allow-Headers: Content-Type, api_key, Authorization
Server: Jetty(9.2.9.v20150224)
🔄 Retrying... Response Code: 200
HTTP/1.1 200 OK
Date: Wed, 02 Apr 2025 09:41:40 GMT
Content-Type: application/json
Transfer-Encoding: chunked
Connection: keep-alive
Access-Control-Allow-Origin: *
Access-Control-Allow-Methods: GET, POST, DELETE, PUT
Access-Control-Allow-Headers: Content-Type, api_key, Authorization
Server: Jetty(9.2.9.v20150224)

{
    "code": 200,
    "type": "unknown",
    "message": "testUser2"
}
HTTP/1.1 200 OK
Date: Wed, 02 Apr 2025 09:41:40 GMT
Content-Type: application/json
Transfer-Encoding: chunked
Connection: keep-alive
Access-Control-Allow-Origin: *
Access-Control-Allow-Methods: GET, POST, DELETE, PUT
Access-Control-Allow-Headers: Content-Type, api_key, Authorization
Server: Jetty(9.2.9.v20150224)

{
    "code": 200,
    "type": "unknown",
    "message": "testUser2"
}
Test Deleted for User: testUser2
]]></system-out>
  </testcase>
  <testcase name="DeleteUSer[testUser3](3)" classname="api.test.DDTests" time="17.129">
    <system-out><![CDATA[🔄 Retrying... Response Code: 404
HTTP/1.1 404 Not Found
Date: Wed, 02 Apr 2025 09:41:48 GMT
Content-Length: 0
Connection: keep-alive
Access-Control-Allow-Origin: *
Access-Control-Allow-Methods: GET, POST, DELETE, PUT
Access-Control-Allow-Headers: Content-Type, api_key, Authorization
Server: Jetty(9.2.9.v20150224)
🔄 Retrying... Response Code: 200
HTTP/1.1 200 OK
Date: Wed, 02 Apr 2025 09:41:57 GMT
Content-Type: application/json
Transfer-Encoding: chunked
Connection: keep-alive
Access-Control-Allow-Origin: *
Access-Control-Allow-Methods: GET, POST, DELETE, PUT
Access-Control-Allow-Headers: Content-Type, api_key, Authorization
Server: Jetty(9.2.9.v20150224)

{
    "code": 200,
    "type": "unknown",
    "message": "testUser3"
}
HTTP/1.1 200 OK
Date: Wed, 02 Apr 2025 09:41:57 GMT
Content-Type: application/json
Transfer-Encoding: chunked
Connection: keep-alive
Access-Control-Allow-Origin: *
Access-Control-Allow-Methods: GET, POST, DELETE, PUT
Access-Control-Allow-Headers: Content-Type, api_key, Authorization
Server: Jetty(9.2.9.v20150224)

{
    "code": 200,
    "type": "unknown",
    "message": "testUser3"
}
Test Deleted for User: testUser3
]]></system-out>
  </testcase>
  <testcase name="DeleteUSer[testUser4](4)" classname="api.test.DDTests" time="18.02">
    <system-out><![CDATA[🔄 Retrying... Response Code: 404
HTTP/1.1 404 Not Found
Date: Wed, 02 Apr 2025 09:42:05 GMT
Content-Length: 0
Connection: keep-alive
Access-Control-Allow-Origin: *
Access-Control-Allow-Methods: GET, POST, DELETE, PUT
Access-Control-Allow-Headers: Content-Type, api_key, Authorization
Server: Jetty(9.2.9.v20150224)
🔄 Retrying... Response Code: 200
HTTP/1.1 200 OK
Date: Wed, 02 Apr 2025 09:42:15 GMT
Content-Type: application/json
Transfer-Encoding: chunked
Connection: keep-alive
Access-Control-Allow-Origin: *
Access-Control-Allow-Methods: GET, POST, DELETE, PUT
Access-Control-Allow-Headers: Content-Type, api_key, Authorization
Server: Jetty(9.2.9.v20150224)

{
    "code": 200,
    "type": "unknown",
    "message": "testUser4"
}
HTTP/1.1 200 OK
Date: Wed, 02 Apr 2025 09:42:15 GMT
Content-Type: application/json
Transfer-Encoding: chunked
Connection: keep-alive
Access-Control-Allow-Origin: *
Access-Control-Allow-Methods: GET, POST, DELETE, PUT
Access-Control-Allow-Headers: Content-Type, api_key, Authorization
Server: Jetty(9.2.9.v20150224)

{
    "code": 200,
    "type": "unknown",
    "message": "testUser4"
}
Test Deleted for User: testUser4
]]></system-out>
  </testcase>
</testsuite>