<?xml version="1.0" encoding="UTF-8"?>
<testsuite xmlns:xsi="http://www.w3.org/2001/XMLSchema-instance" xsi:noNamespaceSchemaLocation="https://maven.apache.org/surefire/maven-surefire-plugin/xsd/surefire-test-report-3.0.xsd" version="3.0" name="TestSuite" time="54.377" tests="4" errors="0" skipped="0" failures="0">
  <properties>
[...]
</properties>
  <testcase name="TestPostUser" classname="api.test.UserTest2" time="13.672">
    <system-out><![CDATA[2025-04-03 18:20:17,622 INFO  [main] api.test.UserTest2: -------Creating User----------
HTTP/1.1 200 OK
Date: Thu, 03 Apr 2025 12:51:57 GMT
Content-Type: application/json
Transfer-Encoding: chunked
Connection: keep-alive
Access-Control-Allow-Origin: *
Access-Control-Allow-Methods: GET, POST, DELETE, PUT
Access-Control-Allow-Headers: Content-Type, api_key, Authorization
Server: Jetty(9.2.9.v20150224)

{
    "code": 200,
    "type": "unknown",
    "message": "946802083"
}
2025-04-03 18:20:30,433 INFO  [main] api.test.UserTest2: -------Created user----------
]]></system-out>
    <system-err><![CDATA[SLF4J: Failed to load class "org.slf4j.impl.StaticLoggerBinder".
SLF4J: Defaulting to no-operation (NOP) logger implementation
SLF4J: See http://www.slf4j.org/codes.html#StaticLoggerBinder for further details.
]]></system-err>
  </testcase>
  <testcase name="TestGetUser" classname="api.test.UserTest2" time="16.912">
    <system-out><![CDATA[2025-04-03 18:20:30,464 INFO  [main] api.test.UserTest2: -------Getting User----------
🔄 Retrying... Response Code: 404
HTTP/1.1 404 Not Found
Date: Thu, 03 Apr 2025 12:52:05 GMT
Content-Type: application/json
Transfer-Encoding: chunked
Connection: keep-alive
Access-Control-Allow-Origin: *
Access-Control-Allow-Methods: GET, POST, DELETE, PUT
Access-Control-Allow-Headers: Content-Type, api_key, Authorization
Server: Jetty(9.2.9.v20150224)

{
    "code": 1,
    "type": "error",
    "message": "User not found"
}
🔄 Retrying... Response Code: 200
HTTP/1.1 200 OK
Date: Thu, 03 Apr 2025 12:52:15 GMT
Content-Type: application/json
Transfer-Encoding: chunked
Connection: keep-alive
Access-Control-Allow-Origin: *
Access-Control-Allow-Methods: GET, POST, DELETE, PUT
Access-Control-Allow-Headers: Content-Type, api_key, Authorization
Server: Jetty(9.2.9.v20150224)

{
    "id": 946802083,
    "username": "ilene.lesch",
    "firstName": "Jarrod",
    "lastName": "Robel",
    "email": "lynn.koss@example.com",
    "password": "53uenttcclr",
    "phone": "1-092-441-4920 x7329",
    "userStatus": 0
}
HTTP/1.1 200 OK
Date: Thu, 03 Apr 2025 12:52:15 GMT
Content-Type: application/json
Transfer-Encoding: chunked
Connection: keep-alive
Access-Control-Allow-Origin: *
Access-Control-Allow-Methods: GET, POST, DELETE, PUT
Access-Control-Allow-Headers: Content-Type, api_key, Authorization
Server: Jetty(9.2.9.v20150224)

{
    "id": 946802083,
    "username": "ilene.lesch",
    "firstName": "Jarrod",
    "lastName": "Robel",
    "email": "lynn.koss@example.com",
    "password": "53uenttcclr",
    "phone": "1-092-441-4920 x7329",
    "userStatus": 0
}
2025-04-03 18:20:48,190 INFO  [main] api.test.UserTest2: -------viewed User----------
]]></system-out>
  </testcase>
  <testcase name="TestUpdateUser" classname="api.test.UserTest2" time="14.905">
    <system-out><![CDATA[2025-04-03 18:20:48,206 INFO  [main] api.test.UserTest2: -------Updating  User----------
🔄 Retrying... Response Code: 200
HTTP/1.1 200 OK
Date: Thu, 03 Apr 2025 12:52:21 GMT
Content-Type: application/json
Transfer-Encoding: chunked
Connection: keep-alive
Access-Control-Allow-Origin: *
Access-Control-Allow-Methods: GET, POST, DELETE, PUT
Access-Control-Allow-Headers: Content-Type, api_key, Authorization
Server: Jetty(9.2.9.v20150224)

{
    "code": 200,
    "type": "unknown",
    "message": "946802083"
}
2025-04-03 18:20:54,797 INFO  [main] api.test.UserTest2: -------Updated  User----------
2025-04-03 18:20:54,797 INFO  [main] api.test.UserTest2: -------Getting  User----------
🔄 Retrying... Response Code: 200
HTTP/1.1 200 OK
Date: Thu, 03 Apr 2025 12:52:30 GMT
Content-Type: application/json
Transfer-Encoding: chunked
Connection: keep-alive
Access-Control-Allow-Origin: *
Access-Control-Allow-Methods: GET, POST, DELETE, PUT
Access-Control-Allow-Headers: Content-Type, api_key, Authorization
Server: Jetty(9.2.9.v20150224)

{
    "id": 946802083,
    "username": "retta.flatley",
    "firstName": "Claude",
    "lastName": "Koelpin",
    "email": "lynn.koss@example.com",
    "password": "53uenttcclr",
    "phone": "1-092-441-4920 x7329",
    "userStatus": 0
}
2025-04-03 18:21:03,095 INFO  [main] api.test.UserTest2: -------viwed  User----------
]]></system-out>
  </testcase>
  <testcase name="TestDeleteUser" classname="api.test.UserTest2" time="5.24">
    <system-out><![CDATA[2025-04-03 18:21:03,096 INFO  [main] api.test.UserTest2: -------Deleting   User----------
🔄 Retrying... Response Code: 200
HTTP/1.1 200 OK
Date: Thu, 03 Apr 2025 12:52:35 GMT
Content-Type: application/json
Transfer-Encoding: chunked
Connection: keep-alive
Access-Control-Allow-Origin: *
Access-Control-Allow-Methods: GET, POST, DELETE, PUT
Access-Control-Allow-Headers: Content-Type, api_key, Authorization
Server: Jetty(9.2.9.v20150224)

{
    "code": 200,
    "type": "unknown",
    "message": "retta.flatley"
}
HTTP/1.1 200 OK
Date: Thu, 03 Apr 2025 12:52:35 GMT
Content-Type: application/json
Transfer-Encoding: chunked
Connection: keep-alive
Access-Control-Allow-Origin: *
Access-Control-Allow-Methods: GET, POST, DELETE, PUT
Access-Control-Allow-Headers: Content-Type, api_key, Authorization
Server: Jetty(9.2.9.v20150224)

{
    "code": 200,
    "type": "unknown",
    "message": "retta.flatley"
}
2025-04-03 18:21:08,319 INFO  [main] api.test.UserTest2: -------Deleted  User----------
]]></system-out>
  </testcase>
</testsuite>