<?xml version="1.0" encoding="UTF-8"?>
<testng-results ignored="0" total="12" passed="12" failed="0" skipped="0">
  <reporter-output>
  </reporter-output>
  <suite started-at="2025-04-01T15:55:41 IST" name="Suite" finished-at="2025-04-01T15:57:43 IST" duration-ms="122590">
    <groups>
    </groups>
    <test started-at="2025-04-01T15:55:41 IST" name="Test" finished-at="2025-04-01T15:57:43 IST" duration-ms="122590">
      <class name="api.test.UserTest2">
        <test-method is-config="true" signature="SetUpData()[pri:0, instance:api.test.UserTest2@1e683a3e]" started-at="2025-04-01T15:55:41 IST" name="SetUpData" finished-at="2025-04-01T15:55:42 IST" duration-ms="579" status="PASS">
          <reporter-output>
          </reporter-output>
        </test-method> <!-- SetUpData -->
        <test-method signature="TestPostUser()[pri:1, instance:api.test.UserTest2@1e683a3e]" started-at="2025-04-01T15:55:42 IST" name="TestPostUser" finished-at="2025-04-01T15:55:51 IST" duration-ms="9153" status="PASS">
          <reporter-output>
          </reporter-output>
        </test-method> <!-- TestPostUser -->
        <test-method signature="TestGetUser()[pri:2, instance:api.test.UserTest2@1e683a3e]" started-at="2025-04-01T15:55:51 IST" name="TestGetUser" finished-at="2025-04-01T15:55:58 IST" duration-ms="6454" status="PASS">
          <reporter-output>
          </reporter-output>
        </test-method> <!-- TestGetUser -->
        <test-method signature="TestUpdateUser()[pri:3, instance:api.test.UserTest2@1e683a3e]" started-at="2025-04-01T15:55:58 IST" name="TestUpdateUser" finished-at="2025-04-01T15:56:16 IST" duration-ms="18578" status="PASS">
          <reporter-output>
          </reporter-output>
        </test-method> <!-- TestUpdateUser -->
        <test-method signature="TestDeleteUser()[pri:4, instance:api.test.UserTest2@1e683a3e]" started-at="2025-04-01T15:56:16 IST" name="TestDeleteUser" finished-at="2025-04-01T15:56:25 IST" duration-ms="8984" status="PASS">
          <reporter-output>
          </reporter-output>
        </test-method> <!-- TestDeleteUser -->
      </class> <!-- api.test.UserTest2 -->
      <class name="api.test.DDTests">
        <test-method signature="testPostUser(java.lang.String,java.lang.String,java.lang.String,java.lang.String,java.lang.String,java.lang.String,java.lang.String)[pri:1, instance:api.test.DDTests@3c73951]" started-at="2025-04-01T15:56:29 IST" name="testPostUser" data-provider="Data" finished-at="2025-04-01T15:56:32 IST" duration-ms="2836" status="PASS">
          <params>
            <param index="0">
              <value>
                <![CDATA[1010]]>
              </value>
            </param>
            <param index="1">
              <value>
                <![CDATA[testUser1]]>
              </value>
            </param>
            <param index="2">
              <value>
                <![CDATA[lalu]]>
              </value>
            </param>
            <param index="3">
              <value>
                <![CDATA[kapad]]>
              </value>
            </param>
            <param index="4">
              <value>
                <![CDATA[a@gmail.com]]>
              </value>
            </param>
            <param index="5">
              <value>
                <![CDATA[test@1]]>
              </value>
            </param>
            <param index="6">
              <value>
                <![CDATA[1234567890]]>
              </value>
            </param>
          </params>
          <reporter-output>
          </reporter-output>
        </test-method> <!-- testPostUser -->
        <test-method signature="testPostUser(java.lang.String,java.lang.String,java.lang.String,java.lang.String,java.lang.String,java.lang.String,java.lang.String)[pri:1, instance:api.test.DDTests@3c73951]" started-at="2025-04-01T15:56:32 IST" name="testPostUser" data-provider="Data" finished-at="2025-04-01T15:56:35 IST" duration-ms="3472" status="PASS">
          <params>
            <param index="0">
              <value>
                <![CDATA[1020]]>
              </value>
            </param>
            <param index="1">
              <value>
                <![CDATA[testUser2]]>
              </value>
            </param>
            <param index="2">
              <value>
                <![CDATA[manoj]]>
              </value>
            </param>
            <param index="3">
              <value>
                <![CDATA[sapad]]>
              </value>
            </param>
            <param index="4">
              <value>
                <![CDATA[b@gmail.com]]>
              </value>
            </param>
            <param index="5">
              <value>
                <![CDATA[test@2]]>
              </value>
            </param>
            <param index="6">
              <value>
                <![CDATA[1234567890]]>
              </value>
            </param>
          </params>
          <reporter-output>
          </reporter-output>
        </test-method> <!-- testPostUser -->
        <test-method signature="testPostUser(java.lang.String,java.lang.String,java.lang.String,java.lang.String,java.lang.String,java.lang.String,java.lang.String)[pri:1, instance:api.test.DDTests@3c73951]" started-at="2025-04-01T15:56:35 IST" name="testPostUser" data-provider="Data" finished-at="2025-04-01T15:56:39 IST" duration-ms="3349" status="PASS">
          <params>
            <param index="0">
              <value>
                <![CDATA[1030]]>
              </value>
            </param>
            <param index="1">
              <value>
                <![CDATA[testUser3]]>
              </value>
            </param>
            <param index="2">
              <value>
                <![CDATA[lamda]]>
              </value>
            </param>
            <param index="3">
              <value>
                <![CDATA[lapad]]>
              </value>
            </param>
            <param index="4">
              <value>
                <![CDATA[c@gmail.com]]>
              </value>
            </param>
            <param index="5">
              <value>
                <![CDATA[test@3]]>
              </value>
            </param>
            <param index="6">
              <value>
                <![CDATA[1234567890]]>
              </value>
            </param>
          </params>
          <reporter-output>
          </reporter-output>
        </test-method> <!-- testPostUser -->
        <test-method signature="testPostUser(java.lang.String,java.lang.String,java.lang.String,java.lang.String,java.lang.String,java.lang.String,java.lang.String)[pri:1, instance:api.test.DDTests@3c73951]" started-at="2025-04-01T15:56:39 IST" name="testPostUser" data-provider="Data" finished-at="2025-04-01T15:56:42 IST" duration-ms="3494" status="PASS">
          <params>
            <param index="0">
              <value>
                <![CDATA[1031]]>
              </value>
            </param>
            <param index="1">
              <value>
                <![CDATA[testUser4]]>
              </value>
            </param>
            <param index="2">
              <value>
                <![CDATA[anill]]>
              </value>
            </param>
            <param index="3">
              <value>
                <![CDATA[lapad]]>
              </value>
            </param>
            <param index="4">
              <value>
                <![CDATA[c@gmail.com]]>
              </value>
            </param>
            <param index="5">
              <value>
                <![CDATA[test@4]]>
              </value>
            </param>
            <param index="6">
              <value>
                <![CDATA[1234567891]]>
              </value>
            </param>
          </params>
          <reporter-output>
          </reporter-output>
        </test-method> <!-- testPostUser -->
        <test-method signature="DeleteUSer(java.lang.String)[pri:2, instance:api.test.DDTests@3c73951]" started-at="2025-04-01T15:56:43 IST" name="DeleteUSer" data-provider="UserNames" finished-at="2025-04-01T15:56:48 IST" duration-ms="5742" status="PASS">
          <params>
            <param index="0">
              <value>
                <![CDATA[testUser1]]>
              </value>
            </param>
          </params>
          <reporter-output>
          </reporter-output>
        </test-method> <!-- DeleteUSer -->
        <test-method signature="DeleteUSer(java.lang.String)[pri:2, instance:api.test.DDTests@3c73951]" started-at="2025-04-01T15:56:48 IST" name="DeleteUSer" data-provider="UserNames" finished-at="2025-04-01T15:57:03 IST" duration-ms="14409" status="PASS">
          <params>
            <param index="0">
              <value>
                <![CDATA[testUser2]]>
              </value>
            </param>
          </params>
          <reporter-output>
          </reporter-output>
        </test-method> <!-- DeleteUSer -->
        <test-method signature="DeleteUSer(java.lang.String)[pri:2, instance:api.test.DDTests@3c73951]" started-at="2025-04-01T15:57:03 IST" name="DeleteUSer" data-provider="UserNames" finished-at="2025-04-01T15:57:16 IST" duration-ms="13619" status="PASS">
          <params>
            <param index="0">
              <value>
                <![CDATA[testUser3]]>
              </value>
            </param>
          </params>
          <reporter-output>
          </reporter-output>
        </test-method> <!-- DeleteUSer -->
        <test-method signature="DeleteUSer(java.lang.String)[pri:2, instance:api.test.DDTests@3c73951]" started-at="2025-04-01T15:57:16 IST" name="DeleteUSer" data-provider="UserNames" finished-at="2025-04-01T15:57:43 IST" duration-ms="26818" status="PASS">
          <params>
            <param index="0">
              <value>
                <![CDATA[testUser4]]>
              </value>
            </param>
          </params>
          <reporter-output>
          </reporter-output>
        </test-method> <!-- DeleteUSer -->
      </class> <!-- api.test.DDTests -->
    </test> <!-- Test -->
  </suite> <!-- Suite -->
</testng-results>
